0 info it worked if it ends with ok
1 verbose cli [ '/usr/local/bin/node', '/usr/local/bin/npm', 'start' ]
2 info using npm@3.3.12
3 info using node@v5.1.0
4 verbose run-script [ 'prestart', 'start', 'poststart' ]
5 info lifecycle introbank@~prestart: introbank@
6 silly lifecycle introbank@~prestart: no script for prestart, continuing
7 info lifecycle introbank@~start: introbank@
8 verbose lifecycle introbank@~start: unsafe-perm in lifecycle true
9 verbose lifecycle introbank@~start: PATH: /usr/local/lib/node_modules/npm/bin/node-gyp-bin:/Users/shogo/Desktop/introbank/fyu-cha/node_modules/.bin:/Users/shogo/.rbenv/bin:/usr/local/heroku/bin:/Users/shogo/.rbenv/shims:/Users/shogo/.rbenv/bin:/usr/local/heroku/bin:/usr/local/bin:/usr/bin:/bin:/usr/sbin:/sbin:/usr/local/bin:/opt/X11/bin:/usr/local/CrossPack-AVR/bin:/Users/shogo/Android SDK/platform-tools
10 verbose lifecycle introbank@~start: CWD: /Users/shogo/Desktop/introbank/fyu-cha
11 silly lifecycle introbank@~start: Args: [ '-c', 'node app.js' ]
12 silly lifecycle introbank@~start: Returned: code: 1  signal: null
13 info lifecycle introbank@~start: Failed to exec start script
14 verbose stack Error: introbank@ start: `node app.js`
14 verbose stack Exit status 1
14 verbose stack     at EventEmitter.<anonymous> (/usr/local/lib/node_modules/npm/lib/utils/lifecycle.js:232:16)
14 verbose stack     at emitTwo (events.js:87:13)
14 verbose stack     at EventEmitter.emit (events.js:172:7)
14 verbose stack     at ChildProcess.<anonymous> (/usr/local/lib/node_modules/npm/lib/utils/spawn.js:24:14)
14 verbose stack     at emitTwo (events.js:87:13)
14 verbose stack     at ChildProcess.emit (events.js:172:7)
14 verbose stack     at maybeClose (internal/child_process.js:818:16)
14 verbose stack     at Process.ChildProcess._handle.onexit (internal/child_process.js:211:5)
15 verbose pkgid introbank@
16 verbose cwd /Users/shogo/Desktop/introbank/fyu-cha
17 error Darwin 15.2.0
18 error argv "/usr/local/bin/node" "/usr/local/bin/npm" "start"
19 error node v5.1.0
20 error npm  v3.3.12
21 error code ELIFECYCLE
22 error introbank@ start: `node app.js`
22 error Exit status 1
23 error Failed at the introbank@ start script 'node app.js'.
23 error Make sure you have the latest version of node.js and npm installed.
23 error If you do, this is most likely a problem with the introbank package,
23 error not with npm itself.
23 error Tell the author that this fails on your system:
23 error     node app.js
23 error You can get their info via:
23 error     npm owner ls introbank
23 error There is likely additional logging output above.
24 verbose exit [ 1, true ]
